serviceLibrary/build/intermediates/manifest_merge_blame_file/debug/manifest-merger-blame-debug-report.txt
1<?xml version="1.0" encoding="utf-8"?>
2<manifest xmlns:android="http://schemas.android.com/apk/res/android"
3    xmlns:tools="http://schemas.android.com/tools"
4    package="org.eclipse.paho.android.service" >
5
6    <uses-sdk
7        android:minSdkVersion="21"
7-->src/main/AndroidManifest.xml
8        android:targetSdkVersion="33" />
8-->src/main/AndroidManifest.xml
9
10    <uses-permission android:name="android.permission.ACCESS_NETWORK_STATE" />
10-->src/main/AndroidManifest.xml:5:5-79
10-->src/main/AndroidManifest.xml:5:22-76
11    <uses-permission android:name="android.permission.INTERNET" />
11-->src/main/AndroidManifest.xml:6:5-67
11-->src/main/AndroidManifest.xml:6:22-64
12    <uses-permission android:name="android.permission.WAKE_LOCK" />
12-->src/main/AndroidManifest.xml:7:5-68
12-->src/main/AndroidManifest.xml:7:22-65
13
14    <application>
14-->src/main/AndroidManifest.xml:9:5-23:19
15        <service android:name="info.mqtt.android.service.MqttService" />
15-->src/main/AndroidManifest.xml:11:9-73
15-->src/main/AndroidManifest.xml:11:18-70
16        <!-- <provider -->
17        <!-- android:name="androidx.startup.InitializationProvider" -->
18        <!-- android:authorities="${applicationId}.androidx-startup" -->
19        <!-- android:exported="false" -->
20        <!-- tools:node="merge"> -->
21        <!-- &lt;!&ndash; If you are using androidx.startup to initialize other components &ndash;&gt; -->
22        <!-- <meta-data -->
23        <!-- android:name="androidx.work.WorkManagerInitializer" -->
24        <!-- android:value="androidx.startup" -->
25        <!-- tools:node="remove" /> -->
26        <!-- </provider> -->
27    </application>
28
29</manifest>